2025-11-08 14:26:09,151 - trading_algorithm.strategies.base_strategy - INFO - Initialized Momentum strategy with config: {'lookback_period': 20, 'threshold': 0.02, 'min_volume': 1000000}
2025-11-08 14:26:09,151 - trading_algorithm.strategies.momentum_strategy - INFO - Initialized Momentum Strategy with lookback: 20, threshold: 0.02
2025-11-08 14:26:09,151 - trading_algorithm.strategies.strategy_manager - INFO - Initialized strategy: momentum
2025-11-08 14:26:09,151 - trading_algorithm.strategies.base_strategy - INFO - Initialized Mean Reversion strategy with config: {'lookback_period': 20, 'z_score_threshold': 2.0, 'min_volume': 1000000}
2025-11-08 14:26:09,151 - trading_algorithm.strategies.mean_reversion_strategy - INFO - Initialized Mean Reversion Strategy with lookback: 20, z-score threshold: 2.0
2025-11-08 14:26:09,151 - trading_algorithm.strategies.strategy_manager - INFO - Initialized strategy: mean_reversion
2025-11-08 14:26:09,151 - trading_algorithm.strategies.base_strategy - INFO - Initialized RSI strategy with config: {'period': 14, 'overbought': 70, 'oversold': 30, 'min_volume': 1000000}
2025-11-08 14:26:09,151 - trading_algorithm.strategies.rsi_strategy - INFO - Initialized RSI Strategy with period: 14, overbought: 70, oversold: 30
2025-11-08 14:26:09,151 - trading_algorithm.strategies.strategy_manager - INFO - Initialized strategy: rsi_strategy
2025-11-08 14:26:09,151 - trading_algorithm.strategies.base_strategy - INFO - Initialized Moving Average Crossover strategy with config: {'fast_ma': 10, 'slow_ma': 30, 'min_volume': 1000000}
2025-11-08 14:26:09,151 - trading_algorithm.strategies.moving_average_strategy - INFO - Initialized MA Crossover Strategy with fast: 10, slow: 30
2025-11-08 14:26:09,151 - trading_algorithm.strategies.strategy_manager - INFO - Initialized strategy: moving_average_crossover
2025-11-08 14:26:09,152 - trading_algorithm.strategies.base_strategy - INFO - Initialized Bollinger Bands strategy with config: {'period': 20, 'std_dev': 2.0, 'min_volume': 1000000}
2025-11-08 14:26:09,152 - trading_algorithm.strategies.bollinger_bands_strategy - INFO - Initialized Bollinger Bands Strategy with period: 20, std_dev: 2.0
2025-11-08 14:26:09,152 - trading_algorithm.strategies.strategy_manager - INFO - Initialized strategy: bollinger_bands
2025-11-08 14:26:09,152 - trading_algorithm.strategies.base_strategy - INFO - Initialized Pairs Trading strategy with config: {'lookback_period': 60, 'z_score_threshold': 2.0, 'correlation_threshold': 0.8, 'min_volume': 1000000}
2025-11-08 14:26:09,152 - trading_algorithm.strategies.pairs_trading_strategy - INFO - Initialized Pairs Trading Strategy with correlation threshold: 0.8
2025-11-08 14:26:09,152 - trading_algorithm.strategies.strategy_manager - INFO - Initialized strategy: pairs_trading
2025-11-08 14:26:09,152 - trading_algorithm.strategies.strategy_manager - INFO - Strategy Manager initialized with 6 strategies
2025-11-08 14:26:09,152 - trading_algorithm.engine.trading_engine - INFO - Trading Engine initialized in paper mode
2025-11-08 14:26:09,152 - trading_algorithm.engine.trading_engine - INFO - Fetching historical data for initialization...
2025-11-08 14:26:09,162 - trading_algorithm.data.data_manager - INFO - Retrieved cached data for AAPL
2025-11-08 14:26:09,168 - trading_algorithm.data.data_manager - INFO - Retrieved cached data for GOOGL
2025-11-08 14:26:09,173 - trading_algorithm.data.data_manager - INFO - Retrieved cached data for MSFT
2025-11-08 14:26:09,179 - trading_algorithm.data.data_manager - INFO - Retrieved cached data for TSLA
2025-11-08 14:26:09,184 - trading_algorithm.data.data_manager - INFO - Retrieved cached data for AMZN
2025-11-08 14:26:09,189 - trading_algorithm.data.data_manager - INFO - Retrieved cached data for META
2025-11-08 14:26:09,195 - trading_algorithm.data.data_manager - INFO - Retrieved cached data for NVDA
2025-11-08 14:26:09,200 - trading_algorithm.data.data_manager - INFO - Retrieved cached data for NFLX
2025-11-08 14:26:09,205 - trading_algorithm.data.data_manager - INFO - Retrieved cached data for SPY
2025-11-08 14:26:09,210 - trading_algorithm.data.data_manager - INFO - Retrieved cached data for QQQ
2025-11-08 14:26:09,215 - trading_algorithm.data.data_manager - INFO - Retrieved cached data for IWM
2025-11-08 14:26:09,220 - trading_algorithm.data.data_manager - INFO - Retrieved cached data for DIA
2025-11-08 14:26:09,225 - trading_algorithm.data.data_manager - INFO - Retrieved cached data for GLD
2025-11-08 14:26:09,231 - trading_algorithm.data.data_manager - INFO - Retrieved cached data for TLT
2025-11-08 14:26:09,236 - trading_algorithm.data.data_manager - INFO - Retrieved cached data for VXX
2025-11-08 14:26:09,241 - trading_algorithm.data.data_manager - INFO - Retrieved cached data for EEM
2025-11-08 14:26:09,392 - trading_algorithm.engine.trading_engine - INFO - Initializing strategies...
2025-11-08 14:26:09,400 - trading_algorithm.strategies.base_strategy - INFO - Filtered universe from 16 to 16 symbols
2025-11-08 14:26:09,401 - trading_algorithm.strategies.base_strategy - INFO - Strategy Momentum initialized successfully
2025-11-08 14:26:09,401 - trading_algorithm.strategies.strategy_manager - INFO - Initialized strategy momentum with 16 symbols
2025-11-08 14:26:09,403 - trading_algorithm.strategies.base_strategy - INFO - Filtered universe from 16 to 16 symbols
2025-11-08 14:26:09,404 - trading_algorithm.strategies.base_strategy - INFO - Strategy Mean Reversion initialized successfully
2025-11-08 14:26:09,404 - trading_algorithm.strategies.strategy_manager - INFO - Initialized strategy mean_reversion with 16 symbols
2025-11-08 14:26:09,406 - trading_algorithm.strategies.base_strategy - INFO - Filtered universe from 16 to 16 symbols
2025-11-08 14:26:09,407 - trading_algorithm.strategies.base_strategy - INFO - Strategy RSI initialized successfully
2025-11-08 14:26:09,407 - trading_algorithm.strategies.strategy_manager - INFO - Initialized strategy rsi_strategy with 16 symbols
2025-11-08 14:26:09,410 - trading_algorithm.strategies.base_strategy - INFO - Filtered universe from 16 to 16 symbols
2025-11-08 14:26:09,411 - trading_algorithm.strategies.base_strategy - INFO - Strategy Moving Average Crossover initialized successfully
2025-11-08 14:26:09,412 - trading_algorithm.strategies.strategy_manager - INFO - Initialized strategy moving_average_crossover with 16 symbols
2025-11-08 14:26:09,414 - trading_algorithm.strategies.base_strategy - INFO - Filtered universe from 16 to 16 symbols
2025-11-08 14:26:09,414 - trading_algorithm.strategies.base_strategy - INFO - Strategy Bollinger Bands initialized successfully
2025-11-08 14:26:09,414 - trading_algorithm.strategies.strategy_manager - INFO - Initialized strategy bollinger_bands with 16 symbols
2025-11-08 14:26:09,417 - trading_algorithm.strategies.base_strategy - INFO - Filtered universe from 16 to 16 symbols
2025-11-08 14:26:09,417 - trading_algorithm.strategies.base_strategy - INFO - Strategy Pairs Trading initialized successfully
2025-11-08 14:26:09,417 - trading_algorithm.strategies.strategy_manager - INFO - Initialized strategy pairs_trading with 16 symbols
2025-11-08 14:26:09,418 - trading_algorithm.engine.trading_engine - INFO - Portfolio initialized with $50,000.00
2025-11-08 14:26:09,418 - trading_algorithm.engine.trading_engine - INFO - Trading engine initialized successfully
2025-11-08 14:26:09,419 - trading_algorithm.engine.trading_engine - INFO - Trading engine started in paper mode
2025-11-08 14:26:09,424 - trading_algorithm.data.data_manager - INFO - Retrieved cached data for AAPL
2025-11-08 14:26:09,430 - trading_algorithm.data.data_manager - INFO - Retrieved cached data for GOOGL
2025-11-08 14:26:09,435 - trading_algorithm.data.data_manager - INFO - Retrieved cached data for MSFT
2025-11-08 14:26:09,439 - trading_algorithm.data.data_manager - INFO - Retrieved cached data for TSLA
2025-11-08 14:26:09,443 - trading_algorithm.data.data_manager - INFO - Retrieved cached data for AMZN
2025-11-08 14:26:09,448 - trading_algorithm.data.data_manager - INFO - Retrieved cached data for META
2025-11-08 14:26:09,452 - trading_algorithm.data.data_manager - INFO - Retrieved cached data for NVDA
2025-11-08 14:26:09,456 - trading_algorithm.data.data_manager - INFO - Retrieved cached data for NFLX
2025-11-08 14:26:09,461 - trading_algorithm.data.data_manager - INFO - Retrieved cached data for SPY
2025-11-08 14:26:09,466 - trading_algorithm.data.data_manager - INFO - Retrieved cached data for QQQ
2025-11-08 14:26:09,471 - trading_algorithm.data.data_manager - INFO - Retrieved cached data for IWM
2025-11-08 14:26:09,476 - trading_algorithm.data.data_manager - INFO - Retrieved cached data for DIA
2025-11-08 14:26:09,480 - trading_algorithm.data.data_manager - INFO - Retrieved cached data for GLD
2025-11-08 14:26:09,485 - trading_algorithm.data.data_manager - INFO - Retrieved cached data for TLT
2025-11-08 14:26:09,490 - trading_algorithm.data.data_manager - INFO - Retrieved cached data for VXX
2025-11-08 14:26:09,498 - trading_algorithm.data.data_manager - INFO - Retrieved cached data for EEM
2025-11-08 14:26:09,643 - trading_algorithm.engine.trading_engine - INFO - Processing trading day: 2025-11-08
2025-11-08 14:26:09,647 - trading_algorithm.strategies.base_strategy - INFO - Filtered universe from 16 to 16 symbols
2025-11-08 14:26:09,651 - trading_algorithm.strategies.momentum_strategy - INFO - Generated 5 momentum signals
2025-11-08 14:26:09,652 - trading_algorithm.strategies.strategy_manager - INFO - Strategy momentum generated 5 signals
2025-11-08 14:26:09,654 - trading_algorithm.strategies.base_strategy - INFO - Filtered universe from 16 to 16 symbols
2025-11-08 14:26:09,661 - trading_algorithm.strategies.mean_reversion_strategy - INFO - Generated 1 mean reversion signals
2025-11-08 14:26:09,661 - trading_algorithm.strategies.strategy_manager - INFO - Strategy mean_reversion generated 1 signals
2025-11-08 14:26:09,664 - trading_algorithm.strategies.base_strategy - INFO - Filtered universe from 16 to 16 symbols
2025-11-08 14:26:09,690 - trading_algorithm.strategies.rsi_strategy - INFO - Generated 0 RSI signals
2025-11-08 14:26:09,690 - trading_algorithm.strategies.strategy_manager - INFO - Strategy rsi_strategy generated 0 signals
2025-11-08 14:26:09,693 - trading_algorithm.strategies.base_strategy - INFO - Filtered universe from 16 to 16 symbols
2025-11-08 14:26:09,693 - trading_algorithm.strategies.moving_average_strategy - INFO - Generated 0 MA crossover signals
2025-11-08 14:26:09,693 - trading_algorithm.strategies.strategy_manager - INFO - Strategy moving_average_crossover generated 0 signals
2025-11-08 14:26:09,696 - trading_algorithm.strategies.base_strategy - INFO - Filtered universe from 16 to 16 symbols
2025-11-08 14:26:09,704 - trading_algorithm.strategies.bollinger_bands_strategy - INFO - Generated 5 Bollinger Bands signals
2025-11-08 14:26:09,704 - trading_algorithm.strategies.strategy_manager - INFO - Strategy bollinger_bands generated 5 signals
2025-11-08 14:26:09,707 - trading_algorithm.strategies.base_strategy - INFO - Filtered universe from 16 to 16 symbols
2025-11-08 14:26:09,707 - trading_algorithm.strategies.pairs_trading_strategy - INFO - Updating pairs data...
2025-11-08 14:26:09,989 - trading_algorithm.strategies.pairs_trading_strategy - INFO - Selected pair AAPL_SPY with score 0.724
2025-11-08 14:26:09,989 - trading_algorithm.strategies.pairs_trading_strategy - INFO - Selected pair AAPL_QQQ with score 0.708
2025-11-08 14:26:09,989 - trading_algorithm.strategies.pairs_trading_strategy - INFO - Selected pair TLT_EEM with score 0.672
2025-11-08 14:26:09,989 - trading_algorithm.strategies.pairs_trading_strategy - INFO - Selected pair SPY_DIA with score 0.661
2025-11-08 14:26:09,989 - trading_algorithm.strategies.pairs_trading_strategy - INFO - Selected pair AAPL_DIA with score 0.645
2025-11-08 14:26:09,989 - trading_algorithm.strategies.pairs_trading_strategy - INFO - Selected pair IWM_EEM with score 0.643
2025-11-08 14:26:09,989 - trading_algorithm.strategies.pairs_trading_strategy - INFO - Selected pair SPY_EEM with score 0.630
2025-11-08 14:26:09,989 - trading_algorithm.strategies.pairs_trading_strategy - INFO - Selected pair QQQ_DIA with score 0.630
2025-11-08 14:26:09,989 - trading_algorithm.strategies.pairs_trading_strategy - INFO - Selected pair GOOGL_QQQ with score 0.629
2025-11-08 14:26:09,989 - trading_algorithm.strategies.pairs_trading_strategy - INFO - Selected pair SPY_QQQ with score 0.629
2025-11-08 14:26:09,989 - trading_algorithm.strategies.pairs_trading_strategy - INFO - Updated to 10 active pairs
2025-11-08 14:26:09,997 - trading_algorithm.strategies.pairs_trading_strategy - INFO - Generated 0 pairs trading signals from 10 active pairs
2025-11-08 14:26:09,998 - trading_algorithm.strategies.strategy_manager - INFO - Strategy pairs_trading generated 0 signals
2025-11-08 14:26:09,998 - trading_algorithm.strategies.strategy_manager - INFO - Generated 0 combined signals from 11 total signals
